<?xml version="1.0" encoding="UTF-8"?>
<!-- Generated by org.testng.reporters.JUnitXMLReporter -->
<testsuite ignored="0" hostname="anshulmadan01" failures="0" tests="2" name="Backend" time="0.924" errors="0" timestamp="2022-09-21T10:46:40 BST">
  <testcase classname="com.assignment.Backend.VerifyTeamSelectionE2E" name="validateOneWicketKeeper" time="0.169"/>
  <testcase classname="com.assignment.Backend.VerifyTeamSelectionE2E" name="validateOnlyForeignMembers" time="0.004"/>
</testsuite> <!-- Backend -->
