<?xml version="1.0" encoding="UTF-8"?>
<!-- Generated by org.testng.reporters.JUnitXMLReporter -->
<testsuite hostname="anshulmadan01" ignored="0" name="Backend" tests="2" failures="0" timestamp="2022-09-21T11:26:26 BST" time="1.321" errors="0">
  <testcase name="validateOneWicketKeeper" time="0.154" classname="com.assignment.Backend.VerifyTeamSelectionE2E"/>
  <testcase name="validateOnlyForeignMembers" time="0.003" classname="com.assignment.Backend.VerifyTeamSelectionE2E"/>
</testsuite> <!-- Backend -->
